This is pdfTeX, Version 3.14159265-2.6-1.40.20 (TeX Live 2019/Debian) (preloaded format=pdflatex 2020.10.4)  25 NOV 2020 22:29
entering extended mode
 restricted \write18 enabled.
 %&-line parsing enabled.
**main.tex
(./main.tex
LaTeX2e <2020-02-02> patch level 2
L3 programming layer <2020-02-14>
(/usr/share/texlive/texmf-dist/tex/latex/base/article.cls
Document Class: article 2019/12/20 v1.4l Standard LaTeX document class
(/usr/share/texlive/texmf-dist/tex/latex/base/size10.clo
File: size10.clo 2019/12/20 v1.4l Standard LaTeX file (size option)
)
\c@part=\count167
\c@section=\count168
\c@subsection=\count169
\c@subsubsection=\count170
\c@paragraph=\count171
\c@subparagraph=\count172
\c@figure=\count173
\c@table=\count174
\abovecaptionskip=\skip47
\belowcaptionskip=\skip48
\bibindent=\dimen134
) (./spconf.sty)
(/usr/share/texlive/texmf-dist/tex/latex/amsmath/amsmath.sty
Package: amsmath 2020/01/20 v2.17e AMS math features
\@mathmargin=\skip49

For additional information on amsmath, use the `?' option.
(/usr/share/texlive/texmf-dist/tex/latex/amsmath/amstext.sty
Package: amstext 2000/06/29 v2.01 AMS text

(/usr/share/texlive/texmf-dist/tex/latex/amsmath/amsgen.sty
File: amsgen.sty 1999/11/30 v2.0 generic functions
\@emptytoks=\toks14
\ex@=\dimen135
))
(/usr/share/texlive/texmf-dist/tex/latex/amsmath/amsbsy.sty
Package: amsbsy 1999/11/29 v1.2d Bold Symbols
\pmbraise@=\dimen136
)
(/usr/share/texlive/texmf-dist/tex/latex/amsmath/amsopn.sty
Package: amsopn 2016/03/08 v2.02 operator names
)
\inf@bad=\count175
LaTeX Info: Redefining \frac on input line 227.
\uproot@=\count176
\leftroot@=\count177
LaTeX Info: Redefining \overline on input line 389.
\classnum@=\count178
\DOTSCASE@=\count179
LaTeX Info: Redefining \ldots on input line 486.
LaTeX Info: Redefining \dots on input line 489.
LaTeX Info: Redefining \cdots on input line 610.
\Mathstrutbox@=\box45
\strutbox@=\box46
\big@size=\dimen137
LaTeX Font Info:    Redeclaring font encoding OML on input line 733.
LaTeX Font Info:    Redeclaring font encoding OMS on input line 734.
\macc@depth=\count180
\c@MaxMatrixCols=\count181
\dotsspace@=\muskip16
\c@parentequation=\count182
\dspbrk@lvl=\count183
\tag@help=\toks15
\row@=\count184
\column@=\count185
\maxfields@=\count186
\andhelp@=\toks16
\eqnshift@=\dimen138
\alignsep@=\dimen139
\tagshift@=\dimen140
\tagwidth@=\dimen141
\totwidth@=\dimen142
\lineht@=\dimen143
\@envbody=\toks17
\multlinegap=\skip50
\multlinetaggap=\skip51
\mathdisplay@stack=\toks18
LaTeX Info: Redefining \[ on input line 2859.
LaTeX Info: Redefining \] on input line 2860.
)
(/usr/share/texlive/texmf-dist/tex/latex/graphics/graphicx.sty
Package: graphicx 2019/11/30 v1.2a Enhanced LaTeX Graphics (DPC,SPQR)

(/usr/share/texlive/texmf-dist/tex/latex/graphics/keyval.sty
Package: keyval 2014/10/28 v1.15 key=value parser (DPC)
\KV@toks@=\toks19
)
(/usr/share/texlive/texmf-dist/tex/latex/graphics/graphics.sty
Package: graphics 2019/11/30 v1.4a Standard LaTeX Graphics (DPC,SPQR)

(/usr/share/texlive/texmf-dist/tex/latex/graphics/trig.sty
Package: trig 2016/01/03 v1.10 sin cos tan (DPC)
)
(/usr/share/texlive/texmf-dist/tex/latex/graphics-cfg/graphics.cfg
File: graphics.cfg 2016/06/04 v1.11 sample graphics configuration
)
Package graphics Info: Driver file: pdftex.def on input line 105.

(/usr/share/texlive/texmf-dist/tex/latex/graphics-def/pdftex.def
File: pdftex.def 2018/01/08 v1.0l Graphics/color driver for pdftex
))
\Gin@req@height=\dimen144
\Gin@req@width=\dimen145
)
(/usr/share/texlive/texmf-dist/tex/latex/listings/listings.sty
\lst@mode=\count187
\lst@gtempboxa=\box47
\lst@token=\toks20
\lst@length=\count188
\lst@currlwidth=\dimen146
\lst@column=\count189
\lst@pos=\count190
\lst@lostspace=\dimen147
\lst@width=\dimen148
\lst@newlines=\count191
\lst@lineno=\count192
\lst@maxwidth=\dimen149

(/usr/share/texlive/texmf-dist/tex/latex/listings/lstmisc.sty
File: lstmisc.sty 2019/09/10 1.8c (Carsten Heinz)
\c@lstnumber=\count193
\lst@skipnumbers=\count194
\lst@framebox=\box48
)
(/usr/share/texlive/texmf-dist/tex/latex/listings/listings.cfg
File: listings.cfg 2019/09/10 1.8c listings configuration
))
Package: listings 2019/09/10 1.8c (Carsten Heinz)

(/usr/share/texlive/texmf-dist/tex/latex/float/float.sty
Package: float 2001/11/08 v1.3d Float enhancements (AL)
\c@float@type=\count195
\float@exts=\toks21
\float@box=\box49
\@float@everytoks=\toks22
\@floatcapt=\box50
)
(/usr/share/texlive/texmf-dist/tex/latex/pythonhighlight/pythonhighlight.sty
Package: pythonhighlight 2017/02/09 python code highlighting; provided by Olivi
er Verdier <olivier.verdier@gmail.com>

(/usr/share/texlive/texmf-dist/tex/latex/xcolor/xcolor.sty
Package: xcolor 2016/05/11 v2.12 LaTeX color extensions (UK)

(/usr/share/texlive/texmf-dist/tex/latex/graphics-cfg/color.cfg
File: color.cfg 2016/01/02 v1.6 sample color configuration
)
Package xcolor Info: Driver file: pdftex.def on input line 225.
Package xcolor Info: Model `cmy' substituted by `cmy0' on input line 1348.
Package xcolor Info: Model `hsb' substituted by `rgb' on input line 1352.
Package xcolor Info: Model `RGB' extended on input line 1364.
Package xcolor Info: Model `HTML' substituted by `rgb' on input line 1366.
Package xcolor Info: Model `Hsb' substituted by `hsb' on input line 1367.
Package xcolor Info: Model `tHsb' substituted by `hsb' on input line 1368.
Package xcolor Info: Model `HSB' substituted by `hsb' on input line 1369.
Package xcolor Info: Model `Gray' substituted by `gray' on input line 1370.
Package xcolor Info: Model `wave' substituted by `hsb' on input line 1371.
))
(/usr/share/texlive/texmf-dist/tex/latex/l3backend/l3backend-pdfmode.def
File: l3backend-pdfmode.def 2020-02-03 L3 backend support: PDF mode
\l__kernel_color_stack_int=\count196
\l__pdf_internal_box=\box51
)
(./main.aux)
\openout1 = `main.aux'.

LaTeX Font Info:    Checking defaults for OML/cmm/m/it on input line 43.
LaTeX Font Info:    ... okay on input line 43.
LaTeX Font Info:    Checking defaults for OMS/cmsy/m/n on input line 43.
LaTeX Font Info:    ... okay on input line 43.
LaTeX Font Info:    Checking defaults for OT1/cmr/m/n on input line 43.
LaTeX Font Info:    ... okay on input line 43.
LaTeX Font Info:    Checking defaults for T1/cmr/m/n on input line 43.
LaTeX Font Info:    ... okay on input line 43.
LaTeX Font Info:    Checking defaults for TS1/cmr/m/n on input line 43.
LaTeX Font Info:    ... okay on input line 43.
LaTeX Font Info:    Checking defaults for OMX/cmex/m/n on input line 43.
LaTeX Font Info:    ... okay on input line 43.
LaTeX Font Info:    Checking defaults for U/cmr/m/n on input line 43.
LaTeX Font Info:    ... okay on input line 43.
LaTeX Font Info:    Trying to load font information for OT1+ptm on input line 4
3.
 (/usr/share/texlive/texmf-dist/tex/latex/psnfss/ot1ptm.fd
File: ot1ptm.fd 2001/06/04 font definitions for OT1/ptm.
)
(/usr/share/texlive/texmf-dist/tex/context/base/mkii/supp-pdf.mkii
[Loading MPS to PDF converter (version 2006.09.02).]
\scratchcounter=\count197
\scratchdimen=\dimen150
\scratchbox=\box52
\nofMPsegments=\count198
\nofMParguments=\count199
\everyMPshowfont=\toks23
\MPscratchCnt=\count266
\MPscratchDim=\dimen151
\MPnumerator=\count267
\makeMPintoPDFobject=\count268
\everyMPtoPDFconversion=\toks24
) (/usr/share/texlive/texmf-dist/tex/latex/epstopdf-pkg/epstopdf-base.sty
Package: epstopdf-base 2020-01-24 v2.11 Base part for package epstopdf
Package epstopdf-base Info: Redefining graphics rule for `.eps' on input line 4
85.

(/usr/share/texlive/texmf-dist/tex/latex/latexconfig/epstopdf-sys.cfg
File: epstopdf-sys.cfg 2010/07/13 v1.3 Configuration of (r)epstopdf for TeX Liv
e
))
\c@lstlisting=\count269

Underfull \hbox (badness 1199) in paragraph at lines 101--102
\OT1/ptm/m/n/10 gr[]aficos de his-tograma, PDF e/ou CDF para efeitos de
 []

<Figures/hist_original_fig.png, id=1, 433.62pt x 289.08pt>
File: Figures/hist_original_fig.png Graphic file (type png)
<use Figures/hist_original_fig.png>
Package pdftex.def Info: Figures/hist_original_fig.png  used on input line 111.

(pdftex.def)             Requested size: 241.84842pt x 161.23528pt.

Underfull \vbox (badness 10000) has occurred while \output is active []

 [1{/var/lib/texmf/fonts/map/pdftex/updmap/pdftex.map}



]
<Figures/cdf_images.png, id=19, 433.62pt x 289.08pt>
File: Figures/cdf_images.png Graphic file (type png)
<use Figures/cdf_images.png>
Package pdftex.def Info: Figures/cdf_images.png  used on input line 123.
(pdftex.def)             Requested size: 241.84842pt x 161.23528pt.
<Figures/transform_graph.png, id=20, 433.62pt x 289.08pt>
File: Figures/transform_graph.png Graphic file (type png)
<use Figures/transform_graph.png>
Package pdftex.def Info: Figures/transform_graph.png  used on input line 135.
(pdftex.def)             Requested size: 241.84842pt x 161.23528pt.

Underfull \vbox (badness 10000) has occurred while \output is active []

<Figures/transformed_hist.png, id=21, 433.62pt x 289.08pt>
File: Figures/transformed_hist.png Graphic file (type png)
<use Figures/transformed_hist.png>
Package pdftex.def Info: Figures/transformed_hist.png  used on input line 147.
(pdftex.def)             Requested size: 241.84842pt x 161.23528pt.
<Figures/transformed_cdf.png, id=22, 433.62pt x 289.08pt>
File: Figures/transformed_cdf.png Graphic file (type png)
<use Figures/transformed_cdf.png>
Package pdftex.def Info: Figures/transformed_cdf.png  used on input line 157.
(pdftex.def)             Requested size: 241.84842pt x 161.23528pt.
<Figures/images1.png, id=23, 722.7pt x 722.7pt>
File: Figures/images1.png Graphic file (type png)
<use Figures/images1.png>
Package pdftex.def Info: Figures/images1.png  used on input line 169.
(pdftex.def)             Requested size: 241.84842pt x 241.84409pt.
 [2 <./Figures/hist_original_fig.png> <./Figures/cdf_images.png> <./Figures/tra
nsform_graph.png> <./Figures/transformed_hist.png> <./Figures/transformed_cdf.p
ng>]
<Figures/lena_rect_filter.png, id=32, 433.62pt x 289.08pt>
File: Figures/lena_rect_filter.png Graphic file (type png)
<use Figures/lena_rect_filter.png>
Package pdftex.def Info: Figures/lena_rect_filter.png  used on input line 199.
(pdftex.def)             Requested size: 241.84842pt x 161.23528pt.

Overfull \hbox (0.62428pt too wide) in paragraph at lines 213--214
[]\OT1/ptm/m/n/10 Subtrair da im-agem orig-i-nal a im-agem bor-rada, gerando
 []

<Figures/unsharp_mask_without_scalling.png, id=33, 722.7pt x 722.7pt>
File: Figures/unsharp_mask_without_scalling.png Graphic file (type png)
<use Figures/unsharp_mask_without_scalling.png>
Package pdftex.def Info: Figures/unsharp_mask_without_scalling.png  used on inp
ut line 231.
(pdftex.def)             Requested size: 241.84842pt x 241.84409pt.
[3 <./Figures/images1.png> <./Figures/lena_rect_filter.png>]
<Figures/high_boost_without_scalling.png, id=40, 722.7pt x 722.7pt>
File: Figures/high_boost_without_scalling.png Graphic file (type png)
<use Figures/high_boost_without_scalling.png>
Package pdftex.def Info: Figures/high_boost_without_scalling.png  used on input
 line 241.
(pdftex.def)             Requested size: 241.84842pt x 241.84409pt.
<Figures/unsharp_mask_with_scalling.png, id=41, 722.7pt x 722.7pt>
File: Figures/unsharp_mask_with_scalling.png Graphic file (type png)
<use Figures/unsharp_mask_with_scalling.png>
Package pdftex.def Info: Figures/unsharp_mask_with_scalling.png  used on input 
line 254.
(pdftex.def)             Requested size: 241.84842pt x 241.84409pt.

Underfull \vbox (badness 10000) has occurred while \output is active []

<Figures/high_boost_with_scalling.png, id=42, 722.7pt x 722.7pt>
File: Figures/high_boost_with_scalling.png Graphic file (type png)
<use Figures/high_boost_with_scalling.png>
Package pdftex.def Info: Figures/high_boost_with_scalling.png  used on input li
ne 264.
(pdftex.def)             Requested size: 241.84842pt x 241.84409pt.
 [4 <./Figures/unsharp_mask_without_scalling.png> <./Figures/high_boost_without
_scalling.png> <./Figures/unsharp_mask_with_scalling.png> <./Figures/high_boost
_with_scalling.png>]
<Figures/cutted_unsharp_mask.png, id=50, 722.7pt x 722.7pt>
File: Figures/cutted_unsharp_mask.png Graphic file (type png)
<use Figures/cutted_unsharp_mask.png>
Package pdftex.def Info: Figures/cutted_unsharp_mask.png  used on input line 29
1.
(pdftex.def)             Requested size: 241.84842pt x 241.84409pt.

Underfull \vbox (badness 10000) has occurred while \output is active []

<Figures/cutted_high_boost.png, id=51, 722.7pt x 722.7pt>
File: Figures/cutted_high_boost.png Graphic file (type png)
<use Figures/cutted_high_boost.png>
Package pdftex.def Info: Figures/cutted_high_boost.png  used on input line 301.

(pdftex.def)             Requested size: 241.84842pt x 241.84409pt.
 [5 <./Figures/cutted_unsharp_mask.png> <./Figures/cutted_high_boost.png>] [6

]
(/usr/share/texlive/texmf-dist/tex/latex/listings/lstlang1.sty
File: lstlang1.sty 2019/09/10 1.8c listings language file
)
LaTeX Font Info:    Trying to load font information for OT1+pcr on input line 3
21.

(/usr/share/texlive/texmf-dist/tex/latex/psnfss/ot1pcr.fd
File: ot1pcr.fd 2001/06/04 font definitions for OT1/pcr.
)
LaTeX Font Info:    Trying to load font information for TS1+pcr on input line 3
44.

(/usr/share/texlive/texmf-dist/tex/latex/psnfss/ts1pcr.fd
File: ts1pcr.fd 2001/06/04 font definitions for TS1/pcr.
) [7

] [8] [9] [10]
[11] [12] [13] (./main.aux) ) 
Here is how much of TeX's memory you used:
 4818 strings out of 481239
 63665 string characters out of 5920377
 781420 words of memory out of 5000000
 20032 multiletter control sequences out of 15000+600000
 549777 words of font info for 60 fonts, out of 8000000 for 9000
 1141 hyphenation exceptions out of 8191
 32i,8n,50p,606b,1836s stack positions out of 5000i,500n,10000p,200000b,80000s
{/usr/share/texlive/texmf-dist/fonts/enc/dvips/bas
e/8r.enc}</usr/share/texlive/texmf-dist/fonts/type1/public/amsfonts/cm/cmex10.p
fb></usr/share/texlive/texmf-dist/fonts/type1/public/amsfonts/cm/cmmi10.pfb></u
sr/share/texlive/texmf-dist/fonts/type1/public/amsfonts/cm/cmmi5.pfb></usr/shar
e/texlive/texmf-dist/fonts/type1/public/amsfonts/cm/cmmi7.pfb></usr/share/texli
ve/texmf-dist/fonts/type1/public/amsfonts/cm/cmr10.pfb></usr/share/texlive/texm
f-dist/fonts/type1/public/amsfonts/cm/cmr7.pfb></usr/share/texlive/texmf-dist/f
onts/type1/public/amsfonts/cm/cmsy10.pfb></usr/share/texlive/texmf-dist/fonts/t
ype1/public/amsfonts/cm/cmsy7.pfb></usr/share/texlive/texmf-dist/fonts/type1/ur
w/courier/ucrb8a.pfb></usr/share/texlive/texmf-dist/fonts/type1/urw/courier/ucr
r8a.pfb></usr/share/texlive/texmf-dist/fonts/type1/urw/courier/ucrro8a.pfb></us
r/share/texlive/texmf-dist/fonts/type1/urw/times/utmb8a.pfb></usr/share/texlive
/texmf-dist/fonts/type1/urw/times/utmbi8a.pfb></usr/share/texlive/texmf-dist/fo
nts/type1/urw/times/utmr8a.pfb></usr/share/texlive/texmf-dist/fonts/type1/urw/t
imes/utmri8a.pfb>
Output written on main.pdf (13 pages, 1101976 bytes).
PDF statistics:
 135 PDF objects out of 1000 (max. 8388607)
 78 compressed objects within 1 object stream
 0 named destinations out of 1000 (max. 500000)
 66 words of extra memory for PDF output out of 10000 (max. 10000000)

